<?xml version="1.0" encoding="UTF-8"?>
<!-- Generated by org.testng.reporters.JUnitReportReporter -->
<testsuite skipped="0" hostname="HDC2-D-6Y6HXH2" name="seldemos.TestMeApp" tests="1" failures="0" timestamp="22 Jan 2020 11:20:18 GMT" time="41.199" errors="0">
  <testcase name="f" time="41.199" classname="seldemos.TestMeApp"/>
</testsuite> <!-- seldemos.TestMeApp -->
