<?xml version="1.0" encoding="UTF-8"?>
<!-- Generated by org.testng.reporters.JUnitReportReporter -->
<testsuite skipped="0" hostname="HDC2-D-6Y6HXH2" name="seldemos.SelBasic" tests="1" failures="0" timestamp="23 Jan 2020 04:15:02 GMT" time="57.311" errors="0">
  <testcase name="test" time="57.311" classname="seldemos.SelBasic"/>
</testsuite> <!-- seldemos.SelBasic -->
