<?xml version="1.0" encoding="UTF-8"?>
<!-- Generated by org.testng.reporters.JUnitReportReporter -->
<testsuite skipped="1" hostname="HDC2-D-6Y6HXH2" name="testmeapp.OnlineShoppingTest" tests="4" failures="0" timestamp="28 Jan 2020 10:08:28 GMT" time="30.774" errors="0">
  <testcase name="testLogin" time="21.903" classname="testmeapp.OnlineShoppingTest"/>
  <testcase name="testCart" time="2.412" classname="testmeapp.OnlineShoppingTest"/>
  <testcase name="testPayment" time="6.459" classname="testmeapp.OnlineShoppingTest"/>
  <testcase name="testRegistration" classname="testmeapp.OnlineShoppingTest">
    <skipped/>
  </testcase> <!-- testRegistration -->
</testsuite> <!-- testmeapp.OnlineShoppingTest -->
