<?xml version="1.0" encoding="UTF-8"?>
<!-- Generated by org.testng.reporters.JUnitReportReporter -->
<testsuite skipped="0" hostname="HDC2-D-6Y6HXH2" name="seldemos.NewTest" tests="3" failures="0" timestamp="24 Jan 2020 07:36:19 GMT" time="0.017" errors="0">
  <testcase name="dpTest" time="0.012" classname="seldemos.NewTest"/>
  <testcase name="dpTest" time="0.003" classname="seldemos.NewTest"/>
  <testcase name="dpTest" time="0.002" classname="seldemos.NewTest"/>
</testsuite> <!-- seldemos.NewTest -->
